<?xml version="1.0" encoding="UTF-8"?>
<testsuite name="ParkingLotTest" tests="1" skipped="0" failures="0" errors="0" timestamp="2020-07-18T06:23:10" hostname="SMART-PC" time="0.004">
  <properties/>
  <testcase name="givenAVehicle_WhenUnParked_ShouldReturnTrue" classname="ParkingLotTest" time="0.004"/>
  <system-out><![CDATA[]]></system-out>
  <system-err><![CDATA[]]></system-err>
</testsuite>
