<?xml version="1.0" encoding="UTF-8"?>
<testsuite name="ParkingLotTest" tests="1" skipped="0" failures="0" errors="0" timestamp="2020-07-20T17:03:06" hostname="SMART-PC" time="0.001">
  <properties/>
  <testcase name="givenCarIfInsideParkingLot_ShouldReturnTrue" classname="ParkingLotTest" time="0.001"/>
  <system-out><![CDATA[]]></system-out>
  <system-err><![CDATA[]]></system-err>
</testsuite>
