<?xml version="1.0" encoding="UTF-8"?>
<testsuite name="ParkingLotTest" tests="1" skipped="0" failures="0" errors="0" timestamp="2020-07-20T16:52:53" hostname="SMART-PC" time="0.003">
  <properties/>
  <testcase name="givenParkingLot_HavingAttendant_WhenParkingLotFullShouldThrowException" classname="ParkingLotTest" time="0.003"/>
  <system-out><![CDATA[]]></system-out>
  <system-err><![CDATA[]]></system-err>
</testsuite>
